[2021-09-22 16:51:25,593][root][INFO] - hazm tokenizer
[2021-09-22 16:51:28,831][root][INFO] - End of tf_idf feature
[2021-09-22 16:51:29,499][root][INFO] - End of similarity feature
[2021-09-22 16:51:29,516][root][INFO] - End of important words feature
[2021-09-22 16:51:29,530][root][INFO] - End of is_question feature
[2021-09-22 16:51:29,544][root][INFO] - "more than tow parts" feature was added.
[2021-09-22 16:51:29,691][root][INFO] - End of polarity feature
[2021-09-22 16:51:29,695][root][INFO] - Feature set (3586, 1934):
[2021-09-22 16:51:29,696][root][INFO] - SVC Model
[2021-09-22 16:55:02,100][matplotlib.legend][WARNING] - No handles with labels found to put in legend.
[2021-09-22 16:55:17,157][root][INFO] - Model:SVC, Out_path:outputc=2.5_ADASYN.png
[2021-09-22 16:55:17,170][root][INFO] -               precision    recall  f1-score   support

       Agree       0.57      0.49      0.53       167
     Discuss       0.66      0.63      0.64       159
    Notagree       0.73      0.77      0.75       198
   Unrelated       0.67      0.74      0.70       194

    accuracy                           0.66       718
   macro avg       0.66      0.66      0.65       718
weighted avg       0.66      0.66      0.66       718

[2021-09-22 16:55:17,170][root][INFO] - Accuracy : 0.6643454038997214
[2021-09-22 16:55:17,173][root][INFO] - Weighted f1 score : 0.6605099831583213
[2021-09-22 16:55:17,174][root][INFO] - RandomForestClassifier
[2021-09-22 16:58:23,065][matplotlib.legend][WARNING] - No handles with labels found to put in legend.
[2021-09-22 16:58:31,438][root][INFO] - Model:RandomForestClassifier, Out_path:outputcrigini_maxfeaNone_estim125_ADASYN.png
[2021-09-22 16:58:31,451][root][INFO] -               precision    recall  f1-score   support

       Agree       0.57      0.54      0.55       167
     Discuss       0.70      0.58      0.63       159
    Notagree       0.70      0.68      0.69       198
   Unrelated       0.62      0.75      0.68       194

    accuracy                           0.64       718
   macro avg       0.65      0.64      0.64       718
weighted avg       0.65      0.64      0.64       718

[2021-09-22 16:58:31,452][root][INFO] - Accuracy : 0.6448467966573816
[2021-09-22 16:58:31,455][root][INFO] - Weighted f1 score : 0.6432089676672269
[2021-09-22 16:58:31,455][root][INFO] - LinearSVC
[2021-09-22 16:58:34,201][matplotlib.legend][WARNING] - No handles with labels found to put in legend.
[2021-09-22 16:58:35,009][root][INFO] - Model:LinearSVC, Out_path:output_ADASYN.png
[2021-09-22 16:58:35,022][root][INFO] -               precision    recall  f1-score   support

       Agree       0.56      0.52      0.54       167
     Discuss       0.67      0.58      0.62       159
    Notagree       0.69      0.73      0.71       198
   Unrelated       0.61      0.68      0.64       194

    accuracy                           0.63       718
   macro avg       0.63      0.63      0.63       718
weighted avg       0.63      0.63      0.63       718

[2021-09-22 16:58:35,023][root][INFO] - Accuracy : 0.6337047353760445
[2021-09-22 16:58:35,027][root][INFO] - Weighted f1 score : 0.6320471015090604
[2021-09-22 16:58:35,027][root][INFO] - LogisticRegression
[2021-09-22 16:59:25,590][matplotlib.legend][WARNING] - No handles with labels found to put in legend.
[2021-09-22 16:59:32,790][root][INFO] - Model:LogisticRegression, Out_path:outputl2_solvsaga_c3.0_ADASYN.png
[2021-09-22 16:59:32,819][root][INFO] -               precision    recall  f1-score   support

       Agree       0.53      0.56      0.54       167
     Discuss       0.67      0.55      0.60       159
    Notagree       0.73      0.72      0.72       198
   Unrelated       0.65      0.72      0.68       194

    accuracy                           0.64       718
   macro avg       0.64      0.64      0.64       718
weighted avg       0.65      0.64      0.64       718

[2021-09-22 16:59:32,822][root][INFO] - Accuracy : 0.6434540389972145
[2021-09-22 16:59:32,829][root][INFO] - Weighted f1 score : 0.6430803677673648
[2021-09-22 16:59:32,830][root][INFO] - GaussianNB
[2021-09-22 16:59:37,995][matplotlib.legend][WARNING] - No handles with labels found to put in legend.
[2021-09-22 16:59:38,652][root][INFO] - Model:GaussianNB, Out_path:output_ADASYN.png
[2021-09-22 16:59:38,662][root][INFO] -               precision    recall  f1-score   support

       Agree       0.21      0.10      0.13       167
     Discuss       0.36      0.73      0.48       159
    Notagree       0.72      0.64      0.68       198
   Unrelated       0.46      0.33      0.38       194

    accuracy                           0.45       718
   macro avg       0.44      0.45      0.42       718
weighted avg       0.45      0.45      0.43       718

[2021-09-22 16:59:38,664][root][INFO] - Accuracy : 0.44986072423398327
[2021-09-22 16:59:38,666][root][INFO] - Weighted f1 score : 0.4273920421671074
